  ____       _                          ____
 / ___|  ___| |__   ___ _ __ ___   __ _/ ___| _ __  _   _
 \___ \ / __| '_ \ / _ \ '_ ` _ \ / _` \___ \| '_ \| | | |
  ___) | (__| | | |  __/ | | | | | (_| |___) | |_) | |_| |
 |____/ \___|_| |_|\___|_| |_| |_|\__,_|____/| .__/ \__, |
                                             |_|    |___/

                                              6.2.4

SchemaSpy generates an HTML representation of a database schema's relationships.
SchemaSpy comes with ABSOLUTELY NO WARRANTY.
SchemaSpy is free software and can be redistributed under the conditions of LGPL version 3 or later.
http://www.gnu.org/licenses/

INFO  - Starting Main v6.2.4 on fv-az1148-150 with PID 4054 (/home/runner/work/capture_schema/capture_schema/schemaspy-6.2.4.jar started by runner in /home/runner/work/capture_schema/capture_schema/generated)
INFO  - The following profiles are active: default
INFO  - Started Main in 1.281 seconds (JVM running for 1.829)
INFO  - Starting schema analysis
INFO  - Connected to PostgreSQL - 15.6
INFO  - Gathering schema details
Gathering schema details....ERROR - Failed to retrieve comment for catalog 'postgres' using SQL 'SELECT datname AS catalog_name, pg_catalog.obj_description(datlastsysoid, 'pg_database') AS catalog_comment FROM pg_catalog.pg_database WHERE datname = :catalog ;'
ERROR: column "datlastsysoid" does not exist
  Position: 60
WARN  - Failed to retrieve stored procedure/function details using sql 'select r.routine_name || '(' || oidvectortypes(p.proargtypes) || ')' as routine_name, case when p.proisagg then 'AGGREGATE' else 'FUNCTION' end as routine_type, case when p.proretset then 'SETOF ' else '' end || case when r.data_type = 'USER-DEFINED' then r.type_udt_name else r.data_type end as dtd_identifier, r.external_language as routine_body,r.routine_definition, r.sql_data_access, r.security_type, r.is_deterministic, d.description as routine_comment from information_schema.routines r left join pg_namespace ns on r.routine_schema = ns.nspname left join pg_proc p on r.specific_name = p.proname || '_' || p.oid left join pg_description d on d.objoid = p.oid where r.routine_schema = :schema'
ERROR: column p.proisagg does not exist
  Hint: Perhaps you meant to reference the column "p.prolang".
  Position: 97
(2sec)
Connecting relationships....(0sec)
Writing/graphing summary.INFO  - Gathered schema details in 0 seconds
INFO  - Writing/graphing summary
INFO  - Graphviz renderer set to ':cairo'
...ERROR - dot -Tpng:cairo orphans.dot -oorphans.png -Tcmapx: Warning: cell size too small for content
ERROR - dot -Tpng:cairo orphans.dot -oorphans.png -Tcmapx: in label of node tgl
.....(0sec)
Writing/diagramming detailsINFO  - Completed summary in 0 seconds
INFO  - Writing/diagramming details
ERROR - dot -Tpng:cairo tgl.1degree.dot -otgl.1degree.png -Tcmapx: Warning: cell size too small for content
ERROR - dot -Tpng:cairo tgl.1degree.dot -otgl.1degree.png -Tcmapx: in label of node tgl
.(0sec)
Wrote relationship details of 1 tables/views to directory '/home/runner/work/capture_schema/capture_schema/generated/2024-08-09-22:43' in 6 seconds.
View the results by opening /home/runner/work/capture_schema/capture_schema/generated/2024-08-09-22:43/index.html
INFO  - Wrote table details in 0 seconds
INFO  - Wrote relationship details of 1 tables/views to directory '/home/runner/work/capture_schema/capture_schema/generated/2024-08-09-22:43' in 6 seconds.
INFO  - View the results by opening /home/runner/work/capture_schema/capture_schema/generated/2024-08-09-22:43/index.html
INFO  - StackTraces have been omitted, use `-debug` when executing SchemaSpy to see them
SchemaSpy completed successfully at 2024-08-09 22:43:24
